<?xml version="1.0" encoding="UTF-8"?>
<!-- Generated by org.testng.reporters.JUnitXMLReporter -->
<testsuite hostname="LAPTOP-DNMDRQOE" ignored="1" name="Group of group Test" tests="3" failures="0" timestamp="2021-07-13T15:30:14 IST" time="0.047" errors="0">
  <testcase name="testMethodOne" time="0.007" classname="testng.group.IncludeExcludeGroup"/>
  <testcase name="testMethodThree" time="0.0" classname="testng.group.IncludeExcludeGroup"/>
  <testcase name="testMethodTwo" time="0.001" classname="testng.group.IncludeExcludeGroup"/>
  <testcase name="testMethodFour" time="0.0" classname="testng.group.IncludeExcludeGroup">
    <ignored/>
  </testcase> <!-- testMethodFour -->
</testsuite> <!-- Group of group Test -->
