<?xml version="1.0" encoding="UTF-8"?>
<!-- Generated by org.testng.reporters.JUnitXMLReporter -->
<testsuite ignored="2" hostname="Raghavs-MacBook-Pro.local" failures="0" tests="2" name="Group of group Test" time="0.099" errors="0" timestamp="2021-07-13T15:41:30 IST">
  <testcase classname="phase5.Testng.Day4.IncludeExcludeExample" name="testMethodOne" time="0.018"/>
  <testcase classname="phase5.Testng.Day4.IncludeExcludeExample" name="testMethodTwo" time="0.001"/>
  <testcase classname="phase5.Testng.Day4.IncludeExcludeExample" name="testMethodThree" time="0.0">
    <ignored/>
  </testcase> <!-- testMethodThree -->
  <testcase classname="phase5.Testng.Day4.IncludeExcludeExample" name="testMethodFour" time="0.0">
    <ignored/>
  </testcase> <!-- testMethodFour -->
</testsuite> <!-- Group of group Test -->
