<?xml version="1.0" encoding="UTF-8"?>
<!-- Generated by org.testng.reporters.JUnitXMLReporter -->
<testsuite ignored="0" hostname="Raghavs-MacBook-Pro.local" failures="0" tests="3" name="ToolsQA" time="8.402" errors="0" timestamp="2021-07-13T15:08:33 IST">
  <testcase classname="phase5.Testng.Day4.GroupTestNG" name="starting_point" time="7.51"/>
  <testcase classname="phase5.Testng.Day4.GroupTestNG" name="checkTitle" time="0.078"/>
  <testcase classname="phase5.Testng.Day4.GroupTestNG" name="click_element" time="0.72"/>
</testsuite> <!-- ToolsQA -->
