<?xml version="1.0" encoding="UTF-8"?>
<!-- Generated by org.testng.reporters.JUnitXMLReporter -->
<testsuite hostname="LAPTOP-DNMDRQOE" ignored="0" name="Test 1" tests="4" failures="0" timestamp="2021-07-13T17:10:11 IST" time="0.047" errors="0">
  <testcase name="testCaseOne" time="0.008" classname="testng.parallel.TestParallelClassTwo"/>
  <testcase name="testCaseOne" time="0.008" classname="testng.parallel.TestParallelClassOne"/>
  <testcase name="testCaseTwo" time="0.002" classname="testng.parallel.TestParallelClassTwo"/>
  <testcase name="testCaseTwo" time="0.002" classname="testng.parallel.TestParallelClassOne"/>
</testsuite> <!-- Test 1 -->
