<?xml version="1.0" encoding="UTF-8"?>
<!-- Generated by org.testng.reporters.JUnitXMLReporter -->
<testsuite hostname="LAPTOP-DNMDRQOE" ignored="0" name="ToolsQA" tests="4" failures="0" timestamp="2021-07-13T15:55:43 IST" time="0.043" errors="0">
  <testcase name="OpenBrowser" time="0.006" classname="testng.dependent.GroupDependency"/>
  <testcase name="LogIn" time="0.001" classname="testng.dependent.GroupDependency"/>
  <testcase name="ViewAcc" time="0.001" classname="testng.dependent.GroupDependency"/>
  <testcase name="CloseAccount" time="0.002" classname="testng.dependent.GroupDependency"/>
</testsuite> <!-- ToolsQA -->
