<?xml version="1.0" encoding="UTF-8"?>
<!-- Generated by org.testng.reporters.JUnitXMLReporter -->
<testsuite ignored="0" hostname="Raghavs-MacBook-Pro.local" failures="0" tests="3" name="Default test" time="14.212" errors="0" timestamp="2021-07-14T14:27:15 IST">
  <testcase classname="com.asserts.Assertions" name="Launch" time="6.061"/>
  <testcase classname="com.asserts.Assertions" name="Facebook" time="4.333"/>
  <testcase classname="com.asserts.Assertions" name="Login" time="3.751"/>
</testsuite> <!-- Default test -->
