<?xml version="1.0" encoding="UTF-8"?>
<!-- Generated by org.testng.reporters.JUnitXMLReporter -->
<testsuite hostname="LAPTOP-DNMDRQOE" ignored="0" name="testGuru" tests="3" failures="0" timestamp="2021-07-13T16:56:43 IST" time="11.375" errors="0">
  <testcase name="executSessionOne" time="9.842" classname="testng.parallel.ParallelTestMethods"/>
  <testcase name="executSessionThree" time="10.848" classname="testng.parallel.ParallelTestMethods"/>
  <testcase name="executeSessionTwo" time="11.311" classname="testng.parallel.ParallelTestMethods"/>
</testsuite> <!-- testGuru -->
