<?xml version="1.0" encoding="UTF-8"?>
<!-- Generated by org.testng.reporters.JUnitXMLReporter -->
<testsuite hostname="LAPTOP-DNMDRQOE" ignored="0" name="ToolsQA" tests="3" failures="2" timestamp="2021-07-13T14:51:02 IST" time="13.396" errors="0">
  <testcase name="checkTitle" time="0.007" classname="testng.group.GroupTestNG">
    <failure type="java.lang.NullPointerException">
      <![CDATA[java.lang.NullPointerException
at testng.group.GroupTestNG.checkTitle(GroupTestNG.java:29)
at java.util.ArrayList.forEach(ArrayList.java:1249)
... Removed 27 stack frames]]>
    </failure>
  </testcase> <!-- checkTitle -->
  <testcase name="click_element" time="0.004" classname="testng.group.GroupTestNG">
    <failure type="java.lang.NullPointerException">
      <![CDATA[java.lang.NullPointerException
at testng.group.GroupTestNG.click_element(GroupTestNG.java:35)
at java.util.ArrayList.forEach(ArrayList.java:1249)
... Removed 27 stack frames]]>
    </failure>
  </testcase> <!-- click_element -->
  <testcase name="starting_point" time="13.35" classname="testng.group.GroupTestNG"/>
</testsuite> <!-- ToolsQA -->
